[debug] [2022-05-19T15:04:51.954Z] ----------------------------------------------------------------------
[debug] [2022-05-19T15:04:51.956Z] Command:       C:\Program Files\nodejs\node.exe C:\Users\geren\AppData\Roaming\npm\node_modules\firebase-tools\lib\bin\firebase.js emulators:start
[debug] [2022-05-19T15:04:51.956Z] CLI Version:   11.0.0
[debug] [2022-05-19T15:04:51.956Z] Platform:      win32
[debug] [2022-05-19T15:04:51.956Z] Node Version:  v16.14.0
[debug] [2022-05-19T15:04:51.957Z] Time:          Thu May 19 2022 11:04:51 GMT-0400 (Eastern Daylight Saving Time)
[debug] [2022-05-19T15:04:51.957Z] ----------------------------------------------------------------------
[debug] 
[debug] [2022-05-19T15:04:52.008Z] > command requires scopes: ["email","openid","https://www.googleapis.com/auth/cloudplatformprojects.readonly","https://www.googleapis.com/auth/firebase","https://www.googleapis.com/auth/cloud-platform"]
[debug] [2022-05-19T15:04:52.009Z] > authorizing via signed-in user (gerensuner@gmail.com)
[info] i  emulators: Starting emulators: auth, hosting {"metadata":{"emulator":{"name":"hub"},"message":"Starting emulators: auth, hosting"}}
[debug] [2022-05-19T15:04:52.032Z] [hub] writing locator at C:\Users\geren\AppData\Local\Temp\hub-moo-1d019.json
[debug] [2022-05-19T15:04:57.219Z] >>> [apiv2][query] GET https://firebasehosting.googleapis.com/v1beta1/projects/moo-1d019/sites 
[debug] [2022-05-19T15:04:57.864Z] <<< [apiv2][status] GET https://firebasehosting.googleapis.com/v1beta1/projects/moo-1d019/sites 200
[debug] [2022-05-19T15:04:57.864Z] <<< [apiv2][body] GET https://firebasehosting.googleapis.com/v1beta1/projects/moo-1d019/sites {"sites":[{"name":"projects/moo-1d019/sites/moo-1d019","defaultUrl":"https://moo-1d019.web.app","appId":"1:213864670160:web:3e9fe535bc26fa40d90fd5","type":"DEFAULT_SITE"}]}
[debug] [2022-05-19T15:04:57.864Z] >>> [apiv2][query] GET https://firebase.googleapis.com/v1beta1/projects/moo-1d019/webApps/1:213864670160:web:3e9fe535bc26fa40d90fd5/config [none]
[debug] [2022-05-19T15:04:58.382Z] <<< [apiv2][status] GET https://firebase.googleapis.com/v1beta1/projects/moo-1d019/webApps/1:213864670160:web:3e9fe535bc26fa40d90fd5/config 200
[debug] [2022-05-19T15:04:58.383Z] <<< [apiv2][body] GET https://firebase.googleapis.com/v1beta1/projects/moo-1d019/webApps/1:213864670160:web:3e9fe535bc26fa40d90fd5/config {"projectId":"moo-1d019","appId":"1:213864670160:web:3e9fe535bc26fa40d90fd5","storageBucket":"moo-1d019.appspot.com","apiKey":"AIzaSyBqFYUTK4O597VWJ22OSb3Q4PZWgtuKGA0","authDomain":"moo-1d019.firebaseapp.com","messagingSenderId":"213864670160","measurementId":"G-4K5XTDKWJ3"}
[info] i  hosting: Serving hosting files from: build {"metadata":{"emulator":{"name":"hosting"},"message":"Serving hosting files from: \u001b[1mbuild\u001b[22m"}}
[info] +  hosting: Local server: http://localhost:5000 {"metadata":{"emulator":{"name":"hosting"},"message":"Local server: \u001b[4m\u001b[1mhttp://localhost:5000\u001b[22m\u001b[24m"}}
[info] i  ui: downloading ui-v1.7.0.zip... {"metadata":{"emulator":{"name":"ui"},"message":"downloading ui-v1.7.0.zip..."}}
[debug] [2022-05-19T15:04:58.404Z] >>> [apiv2][query] GET https://storage.googleapis.com/firebase-preview-drop/emulator/ui-v1.7.0.zip 
[debug] [2022-05-19T15:04:58.517Z] <<< [apiv2][status] GET https://storage.googleapis.com/firebase-preview-drop/emulator/ui-v1.7.0.zip 200
[debug] [2022-05-19T15:04:58.518Z] <<< [apiv2][body] GET https://storage.googleapis.com/firebase-preview-drop/emulator/ui-v1.7.0.zip [stream]
[info] i  ui: Removing outdated emulator files: ui-v1.6.5 {"metadata":{"emulator":{"name":"ui"},"message":"Removing outdated emulator files: ui-v1.6.5"}}
[info] i  ui: Removing outdated emulator files: ui-v1.6.5.zip {"metadata":{"emulator":{"name":"ui"},"message":"Removing outdated emulator files: ui-v1.6.5.zip"}}
[debug] [2022-05-19T15:04:58.824Z] Ignoring unsupported arg: auto_download {"metadata":{"emulator":{"name":"ui"},"message":"Ignoring unsupported arg: auto_download"}}
[debug] [2022-05-19T15:04:58.824Z] Ignoring unsupported arg: port {"metadata":{"emulator":{"name":"ui"},"message":"Ignoring unsupported arg: port"}}
[debug] [2022-05-19T15:04:58.824Z] Starting Emulator UI with command {"binary":"node","args":["--dns-result-order=ipv4first","C:\\Users\\geren\\.cache\\firebase\\emulators\\ui-v1.7.0\\server.bundle.js"],"optionalArgs":[],"joinArgs":false} {"metadata":{"emulator":{"name":"ui"},"message":"Starting Emulator UI with command {\"binary\":\"node\",\"args\":[\"--dns-result-order=ipv4first\",\"C:\\\\Users\\\\geren\\\\.cache\\\\firebase\\\\emulators\\\\ui-v1.7.0\\\\server.bundle.js\"],\"optionalArgs\":[],\"joinArgs\":false}"}}
[info] i  ui: Emulator UI logging to ui-debug.log {"metadata":{"emulator":{"name":"ui"},"message":"Emulator UI logging to \u001b[1mui-debug.log\u001b[22m"}}
[debug] [2022-05-19T15:04:58.931Z] Web / API server started at localhost:4000
 {"metadata":{"emulator":{"name":"ui"},"message":"Web / API server started at localhost:4000\n"}}
[info] 
┌─────────────────────────────────────────────────────────────┐
│ ✔  All emulators ready! It is now safe to connect your app. │
│ i  View Emulator UI at http://localhost:4000                │
└─────────────────────────────────────────────────────────────┘

┌────────────────┬────────────────┬────────────────────────────┐
│ Emulator       │ Host:Port      │ View in Emulator UI        │
├────────────────┼────────────────┼────────────────────────────┤
│ Authentication │ localhost:9099 │ http://localhost:4000/auth │
├────────────────┼────────────────┼────────────────────────────┤
│ Hosting        │ localhost:5000 │ n/a                        │
└────────────────┴────────────────┴────────────────────────────┘
  Emulator Hub running at localhost:4400
  Other reserved ports: 4500

Issues? Report them at https://github.com/firebase/firebase-tools/issues and attach the *-debug.log files.
 
[info] i  hosting: 127.0.0.1 - - [19/May/2022:15:07:03 +0000] "GET / HTTP/1.1" 200 550 "http://localhost:4000/" "Mozilla/5.0 (Windows NT 10.0; Win64; x64) AppleWebKit/537.36 (KHTML, like Gecko) Chrome/101.0.4951.67 Safari/537.36" {"metadata":{"emulator":{"name":"hosting"},"message":"127.0.0.1 - - [19/May/2022:15:07:03 +0000] \"GET / HTTP/1.1\" 200 550 \"http://localhost:4000/\" \"Mozilla/5.0 (Windows NT 10.0; Win64; x64) AppleWebKit/537.36 (KHTML, like Gecko) Chrome/101.0.4951.67 Safari/537.36\""}}
[info] i  hosting: 127.0.0.1 - - [19/May/2022:15:07:03 +0000] "GET /static/css/main.ece9f798.css HTTP/1.1" 200 7224 "http://localhost:5000/" "Mozilla/5.0 (Windows NT 10.0; Win64; x64) AppleWebKit/537.36 (KHTML, like Gecko) Chrome/101.0.4951.67 Safari/537.36" {"metadata":{"emulator":{"name":"hosting"},"message":"127.0.0.1 - - [19/May/2022:15:07:03 +0000] \"GET /static/css/main.ece9f798.css HTTP/1.1\" 200 7224 \"http://localhost:5000/\" \"Mozilla/5.0 (Windows NT 10.0; Win64; x64) AppleWebKit/537.36 (KHTML, like Gecko) Chrome/101.0.4951.67 Safari/537.36\""}}
[info] i  hosting: 127.0.0.1 - - [19/May/2022:15:07:03 +0000] "GET /static/js/main.81285e62.js HTTP/1.1" 200 231054 "http://localhost:5000/" "Mozilla/5.0 (Windows NT 10.0; Win64; x64) AppleWebKit/537.36 (KHTML, like Gecko) Chrome/101.0.4951.67 Safari/537.36" {"metadata":{"emulator":{"name":"hosting"},"message":"127.0.0.1 - - [19/May/2022:15:07:03 +0000] \"GET /static/js/main.81285e62.js HTTP/1.1\" 200 231054 \"http://localhost:5000/\" \"Mozilla/5.0 (Windows NT 10.0; Win64; x64) AppleWebKit/537.36 (KHTML, like Gecko) Chrome/101.0.4951.67 Safari/537.36\""}}
[info] i  hosting: 127.0.0.1 - - [19/May/2022:15:07:03 +0000] "GET /static/js/main.81285e62.js HTTP/1.1" 200 231054 "-" "Mozilla/5.0 (Windows NT 10.0; Win64; x64) AppleWebKit/537.36 (KHTML, like Gecko) Chrome/101.0.4951.67 Safari/537.36" {"metadata":{"emulator":{"name":"hosting"},"message":"127.0.0.1 - - [19/May/2022:15:07:03 +0000] \"GET /static/js/main.81285e62.js HTTP/1.1\" 200 231054 \"-\" \"Mozilla/5.0 (Windows NT 10.0; Win64; x64) AppleWebKit/537.36 (KHTML, like Gecko) Chrome/101.0.4951.67 Safari/537.36\""}}
[info] i  hosting: 127.0.0.1 - - [19/May/2022:15:07:03 +0000] "GET /favicon.ico HTTP/1.1" 200 550 "http://localhost:5000/" "Mozilla/5.0 (Windows NT 10.0; Win64; x64) AppleWebKit/537.36 (KHTML, like Gecko) Chrome/101.0.4951.67 Safari/537.36" {"metadata":{"emulator":{"name":"hosting"},"message":"127.0.0.1 - - [19/May/2022:15:07:03 +0000] \"GET /favicon.ico HTTP/1.1\" 200 550 \"http://localhost:5000/\" \"Mozilla/5.0 (Windows NT 10.0; Win64; x64) AppleWebKit/537.36 (KHTML, like Gecko) Chrome/101.0.4951.67 Safari/537.36\""}}
